TN:
SF:src/assets/images/star.png
FNF:0
FNH:0
DA:1,1
LF:1
LH:1
BRF:0
BRH:0
end_of_record
TN:
SF:src/components/ImageIcon/ImageIcon.tsx
FN:9,ImageIcon
FNF:1
FNH:1
FNDA:2,ImageIcon
DA:10,2
LF:1
LH:1
BRDA:9,0,0,2
BRF:1
BRH:1
end_of_record
TN:
SF:src/components/StarRating/StarRating.tsx
FN:13,StarRating
FNF:1
FNH:1
FNDA:3,StarRating
DA:8,1
DA:14,3
DA:15,1
DA:18,2
DA:26,1
LF:5
LH:5
BRDA:14,0,0,1
BRDA:14,0,1,2
BRF:2
BRH:2
end_of_record
TN:
SF:src/styles/colors.ts
FNF:0
FNH:0
DA:1,1
LF:1
LH:1
BRF:0
BRH:0
end_of_record
